============================================================
Shell debug transcript — ps-services-processes-server
Generated: 2026-05-15T11:27:26.659Z
Engine: powershell
host=SRV-SVC-DBG (windows-server)
Total commands: 104
============================================================


--- [1] § service enumeration ---
PS [1/104]> Get-Service
  
  Status   Name               DisplayName                              
  -------  -----------------  -----------------------------------------
  Running  Tcpip              TCP/IP Protocol Driver                   
  Running  Afd                Ancillary Function Driver for Winsock    
  Running  Dhcp               DHCP Client                              
  Running  Dnscache           DNS Client                               
  Running  NetBT              NetBT                                    
  Running  RpcSs              Remote Procedure Call (RPC)              
  Running  RpcEptMapper       RPC Endpoint Mapper                      
  Running  SamSs              Security Accounts Manager                
  Running  LanmanServer       Server                                   
  Running  LanmanWorkstation  Workstation                              
  Running  mpssvc             Windows Defender Firewall                
  Running  EventLog           Windows Event Log                        
  Running  W32Time            Windows Time                             
  Running  CryptSvc           Cryptographic Services                   
  Running  Winmgmt            Windows Management Instrumentation       
  Stopped  WinRM              Windows Remote Management (WS-Management)
  Stopped  bthserv            Bluetooth Support Service                
  Running  winlogon           Windows Logon Application                
  Running  Spooler            Print Spooler                            
  Running  Schedule           Task Scheduler                           
  Running  AudioSrv           Windows Audio                            
  Running  Themes             Themes                                   
  

PS [2/104]> Get-Service | Format-Table Name, Status, StartType -AutoSize
  
  Name               Status   StartType
  -----------------  -------  ---------
  Tcpip              Running  Boot     
  Afd                Running  System   
  Dhcp               Running  Automatic
  Dnscache           Running  Automatic
  NetBT              Running  System   
  RpcSs              Running  Automatic
  RpcEptMapper       Running  Automatic
  SamSs              Running  Automatic
  LanmanServer       Running  Automatic
  LanmanWorkstation  Running  Automatic
  mpssvc             Running  Automatic
  EventLog           Running  Automatic
  W32Time            Running  Automatic
  CryptSvc           Running  Automatic
  Winmgmt            Running  Automatic
  WinRM              Stopped  Manual   
  bthserv            Stopped  Manual   
  winlogon           Running  Automatic
  Spooler            Running  Automatic
  Schedule           Running  Automatic
  AudioSrv           Running  Automatic
  Themes             Running  Automatic
  

PS [3/104]> Get-Service | Sort-Object Name
  
  Status   Name               DisplayName                              
  -------  -----------------  -----------------------------------------
  Running  Afd                Ancillary Function Driver for Winsock    
  Running  AudioSrv           Windows Audio                            
  Stopped  bthserv            Bluetooth Support Service                
  Running  CryptSvc           Cryptographic Services                   
  Running  Dhcp               DHCP Client                              
  Running  Dnscache           DNS Client                               
  Running  EventLog           Windows Event Log                        
  Running  LanmanServer       Server                                   
  Running  LanmanWorkstation  Workstation                              
  Running  mpssvc             Windows Defender Firewall                
  Running  NetBT              NetBT                                    
  Running  RpcEptMapper       RPC Endpoint Mapper                      
  Running  RpcSs              Remote Procedure Call (RPC)              
  Running  SamSs              Security Accounts Manager                
  Running  Schedule           Task Scheduler                           
  Running  Spooler            Print Spooler                            
  Running  Tcpip              TCP/IP Protocol Driver                   
  Running  Themes             Themes                                   
  Running  W32Time            Windows Time                             
  Running  winlogon           Windows Logon Application                
  Running  Winmgmt            Windows Management Instrumentation       
  Stopped  WinRM              Windows Remote Management (WS-Management)
  

PS [4/104]> Get-Service | Sort-Object Status
  
  Status   Name               DisplayName                              
  -------  -----------------  -----------------------------------------
  Running  Tcpip              TCP/IP Protocol Driver                   
  Running  Afd                Ancillary Function Driver for Winsock    
  Running  Dhcp               DHCP Client                              
  Running  Dnscache           DNS Client                               
  Running  NetBT              NetBT                                    
  Running  RpcSs              Remote Procedure Call (RPC)              
  Running  RpcEptMapper       RPC Endpoint Mapper                      
  Running  SamSs              Security Accounts Manager                
  Running  LanmanServer       Server                                   
  Running  LanmanWorkstation  Workstation                              
  Running  mpssvc             Windows Defender Firewall                
  Running  EventLog           Windows Event Log                        
  Running  W32Time            Windows Time                             
  Running  CryptSvc           Cryptographic Services                   
  Running  Winmgmt            Windows Management Instrumentation       
  Running  winlogon           Windows Logon Application                
  Running  Spooler            Print Spooler                            
  Running  Schedule           Task Scheduler                           
  Running  AudioSrv           Windows Audio                            
  Running  Themes             Themes                                   
  Stopped  WinRM              Windows Remote Management (WS-Management)
  Stopped  bthserv            Bluetooth Support Service                
  

PS [5/104]> Get-Service | Where-Object { $_.Status -eq "Running" }
  
  Status   Name               DisplayName                          
  -------  -----------------  -------------------------------------
  Running  Tcpip              TCP/IP Protocol Driver               
  Running  Afd                Ancillary Function Driver for Winsock
  Running  Dhcp               DHCP Client                          
  Running  Dnscache           DNS Client                           
  Running  NetBT              NetBT                                
  Running  RpcSs              Remote Procedure Call (RPC)          
  Running  RpcEptMapper       RPC Endpoint Mapper                  
  Running  SamSs              Security Accounts Manager            
  Running  LanmanServer       Server                               
  Running  LanmanWorkstation  Workstation                          
  Running  mpssvc             Windows Defender Firewall            
  Running  EventLog           Windows Event Log                    
  Running  W32Time            Windows Time                         
  Running  CryptSvc           Cryptographic Services               
  Running  Winmgmt            Windows Management Instrumentation   
  Running  winlogon           Windows Logon Application            
  Running  Spooler            Print Spooler                        
  Running  Schedule           Task Scheduler                       
  Running  AudioSrv           Windows Audio                        
  Running  Themes             Themes                               
  

PS [6/104]> Get-Service | Where-Object { $_.Status -eq "Stopped" }
  
  Status   Name     DisplayName                              
  -------  -------  -----------------------------------------
  Stopped  WinRM    Windows Remote Management (WS-Management)
  Stopped  bthserv  Bluetooth Support Service                
  

PS [7/104]> Get-Service | Where-Object { $_.StartType -eq "Automatic" }
  
  Status   Name               DisplayName                       
  -------  -----------------  ----------------------------------
  Running  Dhcp               DHCP Client                       
  Running  Dnscache           DNS Client                        
  Running  RpcSs              Remote Procedure Call (RPC)       
  Running  RpcEptMapper       RPC Endpoint Mapper               
  Running  SamSs              Security Accounts Manager         
  Running  LanmanServer       Server                            
  Running  LanmanWorkstation  Workstation                       
  Running  mpssvc             Windows Defender Firewall         
  Running  EventLog           Windows Event Log                 
  Running  W32Time            Windows Time                      
  Running  CryptSvc           Cryptographic Services            
  Running  Winmgmt            Windows Management Instrumentation
  Running  winlogon           Windows Logon Application         
  Running  Spooler            Print Spooler                     
  Running  Schedule           Task Scheduler                    
  Running  AudioSrv           Windows Audio                     
  Running  Themes             Themes                            
  

PS [8/104]> Get-Service | Where-Object { $_.StartType -eq "Manual" }
  
  Status   Name     DisplayName                              
  -------  -------  -----------------------------------------
  Stopped  WinRM    Windows Remote Management (WS-Management)
  Stopped  bthserv  Bluetooth Support Service                
  

PS [9/104]> Get-Service | Where-Object { $_.StartType -eq "Disabled" }
<empty>

PS [10/104]> (Get-Service).Count
  22

PS [11/104]> (Get-Service | Where-Object { $_.Status -eq "Running" }).Count
  20

PS [12/104]> Get-Service | Group-Object Status | Format-Table Name, Count -AutoSize
  
  Name     Count
  -------  -----
  Running     20
  Stopped      2
  

PS [13/104]> Get-Service | Group-Object StartType | Sort-Object Count -Descending
  
  Name       Count  Group                                                                                                                                                                                                                                                                          
  ---------  -----  -------------------------------------------------------------------------------------------------------------------------------------------------------------------------------------------------------------------------------------------------------------------------------
  Automatic     17  [object Object],[object Object],[object Object],[object Object],[object Object],[object Object],[object Object],[object Object],[object Object],[object Object],[object Object],[object Object],[object Object],[object Object],[object Object],[object Object],[object Object]
  System         2  [object Object],[object Object]                                                                                                                                                                                                                                                
  Manual         2  [object Object],[object Object]                                                                                                                                                                                                                                                
  Boot           1  [object Object]                                                                                                                                                                                                                                                                
  

PS [14/104]> Get-Service -Name Spooler
  
  Status   Name     DisplayName  
  -------  -------  -------------
  Running  Spooler  Print Spooler
  

PS [15/104]> Get-Service Spooler
  
  Status   Name     DisplayName  
  -------  -------  -------------
  Running  Spooler  Print Spooler
  

PS [16/104]> gsv Spooler
  
  Status   Name     DisplayName  
  -------  -------  -------------
  Running  Spooler  Print Spooler
  

PS [17/104]> Get-Service -DisplayName "Print Spooler"
  
  Status   Name               DisplayName                              
  -------  -----------------  -----------------------------------------
  Running  Tcpip              TCP/IP Protocol Driver                   
  Running  Afd                Ancillary Function Driver for Winsock    
  Running  Dhcp               DHCP Client                              
  Running  Dnscache           DNS Client                               
  Running  NetBT              NetBT                                    
  Running  RpcSs              Remote Procedure Call (RPC)              
  Running  RpcEptMapper       RPC Endpoint Mapper                      
  Running  SamSs              Security Accounts Manager                
  Running  LanmanServer       Server                                   
  Running  LanmanWorkstation  Workstation                              
  Running  mpssvc             Windows Defender Firewall                
  Running  EventLog           Windows Event Log                        
  Running  W32Time            Windows Time                             
  Running  CryptSvc           Cryptographic Services                   
  Running  Winmgmt            Windows Management Instrumentation       
  Stopped  WinRM              Windows Remote Management (WS-Management)
  Stopped  bthserv            Bluetooth Support Service                
  Running  winlogon           Windows Logon Application                
  Running  Spooler            Print Spooler                            
  Running  Schedule           Task Scheduler                           
  Running  AudioSrv           Windows Audio                            
  Running  Themes             Themes                                   
  

PS [18/104]> Get-Service -Name "S*"
  
  Status   Name          DisplayName              
  -------  ------------  -------------------------
  Running  SamSs         Security Accounts Manager
  Running  LanmanServer  Server                   
  Running  Spooler       Print Spooler            
  Running  Schedule      Task Scheduler           
  

PS [19/104]> Get-Service -Name "*log*"
  
  Status   Name      DisplayName              
  -------  --------  -------------------------
  Running  EventLog  Windows Event Log        
  Running  winlogon  Windows Logon Application
  

PS [20/104]> Get-Service | Select-Object -First 5 Name, Status
  
  Name      Status 
  --------  -------
  Tcpip     Running
  Afd       Running
  Dhcp      Running
  Dnscache  Running
  NetBT     Running
  

PS [21/104]> Get-Service | Select-Object -Last 5 Name, Status
  
  Name      Status 
  --------  -------
  winlogon  Running
  Spooler   Running
  Schedule  Running
  AudioSrv  Running
  Themes    Running
  

PS [22/104]> (Get-Service -Name Spooler).Status
  Running

PS [23/104]> (Get-Service -Name Spooler).StartType
  Automatic

PS [24/104]> (Get-Service -Name Spooler).DisplayName
  Print Spooler


--- [25] § state changes ---
PS [25/104]> Stop-Service -Name Spooler -ErrorAction SilentlyContinue
<empty>

PS [26/104]> (Get-Service -Name Spooler).Status
  Stopped

PS [27/104]> Start-Service -Name Spooler
<empty>

PS [28/104]> (Get-Service -Name Spooler).Status
  Running

PS [29/104]> Restart-Service -Name Spooler
<empty>

PS [30/104]> (Get-Service -Name Spooler).Status
  Running

PS [31/104]> Stop-Service -Name bthserv -ErrorAction SilentlyContinue
  The service has not been started.

PS [32/104]> Start-Service -Name bthserv
<empty>

PS [33/104]> (Get-Service -Name bthserv).Status
  Running

PS [34/104]> Stop-Service -Name bthserv
<empty>

PS [35/104]> (Get-Service -Name bthserv).Status
  Stopped

PS [36/104]> Set-Service -Name bthserv -StartupType Manual
<empty>

PS [37/104]> (Get-Service -Name bthserv).StartType
  Manual

PS [38/104]> Set-Service -Name bthserv -StartupType Disabled
<empty>

PS [39/104]> (Get-Service -Name bthserv).StartType
  Manual

PS [40/104]> Set-Service -Name bthserv -StartupType Automatic
<empty>

PS [41/104]> (Get-Service -Name bthserv).StartType
  Manual

PS [42/104]> Stop-Service -Name winlogon -ErrorAction SilentlyContinue
  Cannot stop winlogon: This is a critical system service.


--- [43] § process enumeration ---
PS [43/104]> Get-Process
  
  Handles  NPM(K)  PM(K)  WS(K)   CPU(s)              Id    ProcessName        
  -------  ------  -----  ------  ------------------  ----  -------------------
        0       4      0      16                   0     0  System Idle Process
      100       4      0     288                 0.5     4  System             
       48       4      4    8192                   0   108  Registry           
       56       4      1    2048                   0   340  smss               
      590       4      4    9216                 2.1   472  csrss              
      152       4      3    7168                   0   548  wininit            
      468       4      5   10240                 1.2   560  csrss              
      256       4      6   13312                 0.1   596  winlogon           
      680       4      7   14336                 1.5   620  services           
      820       4     10   20480                 3.2   636  lsass              
      400      12     12   18432                 0.6   784  svchost            
      400      12     12   18432                 0.6   836  svchost            
      400      12     12   18432                 0.6   912  svchost            
      450      14     14   21504  0.8999999999999999   964  svchost            
      980      18     44  132000                 8.4  1024  dwm                
      400      12     12   18432                 0.6  1048  svchost            
      400      12     12   18432                 0.6  1100  svchost            
      350      10     10   15360                 0.3  1168  svchost            
      210       8      5   12800                 0.2  1400  taskhostw          
      340      14     12   28000                 0.8  1560  RuntimeBroker      
      420      12      8   18000                 0.5  1800  spoolsv            
      320      10      6   14000                 0.3  2200  LanmanServer       
      280       8      4   10000                 0.2  2400  LanmanWorkstation  
     2100      65     64  145000                12.3  2848  explorer           
       48       3      3    5200                 0.1  5120  cmd                
      180      10     10   18400                 0.3  5132  conhost            
  

PS [44/104]> Get-Process | Format-Table Id, ProcessName, CPU -AutoSize
  
  Id    ProcessName          CPU
  ----  -------------------  ---
     0  System Idle Process     
     4  System                  
   108  Registry                
   340  smss                    
   472  csrss                   
   548  wininit                 
   560  csrss                   
   596  winlogon                
   620  services                
   636  lsass                   
   784  svchost                 
   836  svchost                 
   912  svchost                 
   964  svchost                 
  1024  dwm                     
  1048  svchost                 
  1100  svchost                 
  1168  svchost                 
  1400  taskhostw               
  1560  RuntimeBroker           
  1800  spoolsv                 
  2200  LanmanServer            
  2400  LanmanWorkstation       
  2848  explorer                
  5120  cmd                     
  5132  conhost                 
  

PS [45/104]> Get-Process | Sort-Object CPU -Descending | Select-Object -First 5
  
  Handles  NPM(K)  PM(K)  WS(K)  CPU(s)  Id   ProcessName        
  -------  ------  -----  -----  ------  ---  -------------------
        0       4      0     16       0    0  System Idle Process
      100       4      0    288     0.5    4  System             
       48       4      4   8192       0  108  Registry           
       56       4      1   2048       0  340  smss               
      590       4      4   9216     2.1  472  csrss              
  

PS [46/104]> Get-Process | Sort-Object WS -Descending | Select-Object -First 5 Name, Id, WS
  
  Name  Id    WS
  ----  ----  --
        5132    
        5120    
        2848    
        2400    
        2200    
  

PS [47/104]> Get-Process | Where-Object { $_.CPU -gt 0 }
<empty>

PS [48/104]> Get-Process | Where-Object { $_.ProcessName -like "svc*" }
  
  Handles  NPM(K)  PM(K)  WS(K)  CPU(s)              Id    ProcessName
  -------  ------  -----  -----  ------------------  ----  -----------
      400      12     12  18432                 0.6   784  svchost    
      400      12     12  18432                 0.6   836  svchost    
      400      12     12  18432                 0.6   912  svchost    
      450      14     14  21504  0.8999999999999999   964  svchost    
      400      12     12  18432                 0.6  1048  svchost    
      400      12     12  18432                 0.6  1100  svchost    
      350      10     10  15360                 0.3  1168  svchost    
  

PS [49/104]> Get-Process explorer -ErrorAction SilentlyContinue
  
  Handles  NPM(K)  PM(K)  WS(K)   CPU(s)  Id    ProcessName
  -------  ------  -----  ------  ------  ----  -----------
     2100      65     64  145000    12.3  2848  explorer   
  

PS [50/104]> Get-Process -Name svchost -ErrorAction SilentlyContinue
  
  Handles  NPM(K)  PM(K)  WS(K)  CPU(s)              Id    ProcessName
  -------  ------  -----  -----  ------------------  ----  -----------
      400      12     12  18432                 0.6   784  svchost    
      400      12     12  18432                 0.6   836  svchost    
      400      12     12  18432                 0.6   912  svchost    
      450      14     14  21504  0.8999999999999999   964  svchost    
      400      12     12  18432                 0.6  1048  svchost    
      400      12     12  18432                 0.6  1100  svchost    
      350      10     10  15360                 0.3  1168  svchost    
  

PS [51/104]> (Get-Process).Count
  26

PS [52/104]> Get-Process | Group-Object ProcessName | Sort-Object Count -Descending | Select-Object -First 5
  
  Name                 Count  Group                                                                                                          
  -------------------  -----  ---------------------------------------------------------------------------------------------------------------
  svchost                  7  [object Object],[object Object],[object Object],[object Object],[object Object],[object Object],[object Object]
  csrss                    2  [object Object],[object Object]                                                                                
  System Idle Process      1  [object Object]                                                                                                
  System                   1  [object Object]                                                                                                
  Registry                 1  [object Object]                                                                                                
  

PS [53/104]> Get-Process | Select-Object Id, ProcessName, Handles, WS, CPU | Sort-Object CPU -Descending | Select-Object -First 10
  
  Handles  NPM(K)  PM(K)  WS(K)  CPU(s)  Id    ProcessName      
  -------  ------  -----  -----  ------  ----  -----------------
      180                                5132  conhost          
       48                                5120  cmd              
     2100                                2848  explorer         
      280                                2400  LanmanWorkstation
      320                                2200  LanmanServer     
      420                                1800  spoolsv          
      340                                1560  RuntimeBroker    
      210                                1400  taskhostw        
      350                                1168  svchost          
      400                                1100  svchost          
  

PS [54/104]> Get-Process | Measure-Object -Property CPU -Sum
  Count=0; Sum=0; Average=; Minimum=; Maximum=; Property=CPU

PS [55/104]> Get-Process | Measure-Object -Property WS -Sum -Average -Max
  Count=0; Sum=0; Average=; Minimum=; Maximum=; Property=WS

PS [56/104]> ps
  
  Handles  NPM(K)  PM(K)  WS(K)   CPU(s)              Id    ProcessName        
  -------  ------  -----  ------  ------------------  ----  -------------------
        0       4      0      16                   0     0  System Idle Process
      100       4      0     288                 0.5     4  System             
       48       4      4    8192                   0   108  Registry           
       56       4      1    2048                   0   340  smss               
      590       4      4    9216                 2.1   472  csrss              
      152       4      3    7168                   0   548  wininit            
      468       4      5   10240                 1.2   560  csrss              
      256       4      6   13312                 0.1   596  winlogon           
      680       4      7   14336                 1.5   620  services           
      820       4     10   20480                 3.2   636  lsass              
      400      12     12   18432                 0.6   784  svchost            
      400      12     12   18432                 0.6   836  svchost            
      400      12     12   18432                 0.6   912  svchost            
      450      14     14   21504  0.8999999999999999   964  svchost            
      980      18     44  132000                 8.4  1024  dwm                
      400      12     12   18432                 0.6  1048  svchost            
      400      12     12   18432                 0.6  1100  svchost            
      350      10     10   15360                 0.3  1168  svchost            
      210       8      5   12800                 0.2  1400  taskhostw          
      340      14     12   28000                 0.8  1560  RuntimeBroker      
      420      12      8   18000                 0.5  1800  spoolsv            
      320      10      6   14000                 0.3  2200  LanmanServer       
      280       8      4   10000                 0.2  2400  LanmanWorkstation  
     2100      65     64  145000                12.3  2848  explorer           
       48       3      3    5200                 0.1  5120  cmd                
      180      10     10   18400                 0.3  5132  conhost            
  

PS [57/104]> gps
  
  Handles  NPM(K)  PM(K)  WS(K)   CPU(s)              Id    ProcessName        
  -------  ------  -----  ------  ------------------  ----  -------------------
        0       4      0      16                   0     0  System Idle Process
      100       4      0     288                 0.5     4  System             
       48       4      4    8192                   0   108  Registry           
       56       4      1    2048                   0   340  smss               
      590       4      4    9216                 2.1   472  csrss              
      152       4      3    7168                   0   548  wininit            
      468       4      5   10240                 1.2   560  csrss              
      256       4      6   13312                 0.1   596  winlogon           
      680       4      7   14336                 1.5   620  services           
      820       4     10   20480                 3.2   636  lsass              
      400      12     12   18432                 0.6   784  svchost            
      400      12     12   18432                 0.6   836  svchost            
      400      12     12   18432                 0.6   912  svchost            
      450      14     14   21504  0.8999999999999999   964  svchost            
      980      18     44  132000                 8.4  1024  dwm                
      400      12     12   18432                 0.6  1048  svchost            
      400      12     12   18432                 0.6  1100  svchost            
      350      10     10   15360                 0.3  1168  svchost            
      210       8      5   12800                 0.2  1400  taskhostw          
      340      14     12   28000                 0.8  1560  RuntimeBroker      
      420      12      8   18000                 0.5  1800  spoolsv            
      320      10      6   14000                 0.3  2200  LanmanServer       
      280       8      4   10000                 0.2  2400  LanmanWorkstation  
     2100      65     64  145000                12.3  2848  explorer           
       48       3      3    5200                 0.1  5120  cmd                
      180      10     10   18400                 0.3  5132  conhost            
  


--- [58] § process lifecycle ---
PS [58/104]> Start-Process notepad.exe
<empty>

PS [59/104]> Get-Process -Name notepad -ErrorAction SilentlyContinue
  ERROR: Cannot find a process with the name "notepad".

PS [60/104]> Start-Process -FilePath calc.exe
<empty>

PS [61/104]> Get-Process -Name calc -ErrorAction SilentlyContinue
  ERROR: Cannot find a process with the name "calc".

PS [62/104]> Stop-Process -Name notepad -ErrorAction SilentlyContinue
  ERROR: The process "notepad" was not found.

PS [63/104]> Get-Process -Name notepad -ErrorAction SilentlyContinue
  ERROR: Cannot find a process with the name "notepad".

PS [64/104]> Stop-Process -Name calc -ErrorAction SilentlyContinue
  ERROR: The process "calc" was not found.

PS [65/104]> Start-Process notepad.exe
<empty>

PS [66/104]> Start-Process notepad.exe
<empty>

PS [67/104]> Start-Process notepad.exe
<empty>

PS [68/104]> Get-Process -Name notepad
  ERROR: Cannot find a process with the name "notepad".

PS [69/104]> Get-Process -Name notepad | Stop-Process
  ERROR: Cannot find a process with the name "notepad".

PS [70/104]> Get-Process -Name notepad -ErrorAction SilentlyContinue
  ERROR: Cannot find a process with the name "notepad".


--- [71] § complex pipelines ---
PS [71/104]> Get-Service | Where-Object { $_.Status -eq "Running" } | Sort-Object Name | Select-Object -First 5 | Format-Table Name, Status, DisplayName
  
  Name      Status   DisplayName                          
  --------  -------  -------------------------------------
  Afd       Running  Ancillary Function Driver for Winsock
  AudioSrv  Running  Windows Audio                        
  CryptSvc  Running  Cryptographic Services               
  Dhcp      Running  DHCP Client                          
  Dnscache  Running  DNS Client                           
  

PS [72/104]> Get-Service | Group-Object StartType | ForEach-Object { "$($_.Name): $($_.Count)" }
  Boot: 3
  System: 3
  Automatic: 3
  Manual: 3

PS [73/104]> Get-Service | Where-Object { $_.Status -eq "Running" -and $_.StartType -eq "Automatic" } | Measure-Object
  Count=0; Sum=; Average=; Minimum=; Maximum=; Property=

PS [74/104]> Get-Process | Where-Object { $_.WS -gt 0 } | Sort-Object WS -Descending | Select-Object -First 3 | Format-List Name, Id, WS, CPU
<empty>

PS [75/104]> Get-Process | Sort-Object ProcessName | Select-Object -Unique ProcessName | Select-Object -First 10
  
  Handles  NPM(K)  PM(K)  WS(K)   CPU(s)  Id    ProcessName      
  -------  ------  -----  ------  ------  ----  -----------------
       48       3      3    5200     0.1  5120  cmd              
      180      10     10   18400     0.3  5132  conhost          
      590       4      4    9216     2.1   472  csrss            
      468       4      5   10240     1.2   560  csrss            
      980      18     44  132000     8.4  1024  dwm              
     2100      65     64  145000    12.3  2848  explorer         
      320      10      6   14000     0.3  2200  LanmanServer     
      280       8      4   10000     0.2  2400  LanmanWorkstation
      820       4     10   20480     3.2   636  lsass            
       48       4      4    8192       0   108  Registry         
  

PS [76/104]> Get-Service | Where-Object { $_.Name -match "^(W|S)" } | Format-Table Name, Status -AutoSize
  
  Name      Status 
  --------  -------
  SamSs     Running
  W32Time   Running
  Winmgmt   Running
  WinRM     Stopped
  winlogon  Running
  Spooler   Running
  Schedule  Running
  

PS [77/104]> "Spooler","bthserv","wuauserv" | ForEach-Object { Get-Service -Name $_ -ErrorAction SilentlyContinue } | Format-Table Name, Status, StartType -AutoSize
  
  Name                       Status      StartType
  -------------------------  ----------  ---------
  Spooler                    Running              
  : Running                  Status               
  : Spooler                  Name                 
  e : Print Spooler          DisplayNam           
  : Automatic                StartType            
  e : WIN32_OWN_PROCESS      ServiceTyp           
  : true                     CanStop              
  Name                       Status               
  ----                       ------               
  bthserv                    Stopped              
  : Stopped                  Status               
  : bthserv                  Name                 
  e : Bluetooth Support Ser  DisplayNam           
  : Manual                   StartType            
  e : WIN32_SHARE_PROCESS    ServiceTyp           
  : false                    CanStop              
  e : Cannot find any servi  Get-Servic           
  goryInfo          : Objec  + Cate               
  yQualifiedErrorId : NoSer  + Full               
  

PS [78/104]> Get-Service | ForEach-Object { [pscustomobject]@{ N=$_.Name; S=$_.Status } } | Sort-Object N | Select-Object -First 5
  
  N         S      
  --------  -------
  Afd       Running
  AudioSrv  Running
  bthserv   Stopped
  CryptSvc  Running
  Dhcp      Running
  


--- [79] § event logs ---
PS [79/104]> Get-EventLog -List -ErrorAction SilentlyContinue
  
  Log              Entries  MaxSizeKB  OverflowAction   
  ---------------  -------  ---------  -----------------
  System                10      20480  OverwriteAsNeeded
  Application            6      20480  OverwriteAsNeeded
  Security               5     131072  OverwriteAsNeeded
  Setup                  0       1028  OverwriteAsNeeded
  ForwardedEvents        0      20480  OverwriteAsNeeded
  

PS [80/104]> Get-EventLog -LogName System -Newest 5 -ErrorAction SilentlyContinue
<empty>

PS [81/104]> Get-EventLog -LogName Application -Newest 5 -ErrorAction SilentlyContinue
<empty>

PS [82/104]> Get-EventLog -LogName Security -Newest 5 -ErrorAction SilentlyContinue
<empty>

PS [83/104]> Get-WinEvent -LogName System -MaxEvents 5 -ErrorAction SilentlyContinue
  
  LogName      : System
  Id           : 6005
  Level        : Information
  ProviderName : EventLog
  TimeCreated  : 5/15/2026 9:27 AM
  Message      : The Event log service was started.
  RecordId     : 1030
  
  LogName      : System
  Id           : 1
  Level        : Warning
  ProviderName : Microsoft-Windows-Power-Troubleshooter
  TimeCreated  : 5/15/2026 5:27 AM
  Message      : The system has returned from a low power state.
  RecordId     : 1029
  
  LogName      : System
  Id           : 1
  Level        : Information
  ProviderName : Microsoft-Windows-Kernel-General
  TimeCreated  : 5/14/2026 11:27 PM
  Message      : The system uptime is 86400 seconds.
  RecordId     : 1028
  
  LogName      : System
  Id           : 7001
  Level        : Information
  ProviderName : Microsoft-Windows-Winlogon
  TimeCreated  : 5/14/2026 11:27 AM
  Message      : User Logon Notification for Customer Experience Improvement Program.
  RecordId     : 1027
  
  LogName      : System
  Id           : 7
  Level        : Error
  ProviderName : Disk
  TimeCreated  : 5/13/2026 11:27 AM
  Message      : The device, \Device\Harddisk0\DR0, has a bad block.
  RecordId     : 1026
  

PS [84/104]> Get-WinEvent -LogName Application -MaxEvents 5 -ErrorAction SilentlyContinue
  
  LogName      : Application
  Id           : 1026
  Level        : Information
  ProviderName : .NET Runtime
  TimeCreated  : 5/14/2026 11:27 AM
  Message      : .NET Runtime version 4.0.30319 — Application crashed.
  RecordId     : 1036
  
  LogName      : Application
  Id           : 1002
  Level        : Error
  ProviderName : Application Hang
  TimeCreated  : 5/12/2026 11:27 AM
  Message      : The program svchost.exe stopped interacting with Windows.
  RecordId     : 1035
  
  LogName      : Application
  Id           : 1
  Level        : Information
  ProviderName : SecurityCenter
  TimeCreated  : 5/10/2026 11:27 AM
  Message      : The Windows Security Center Service has started.
  RecordId     : 1034
  
  LogName      : Application
  Id           : 1000
  Level        : Warning
  ProviderName : Application Error
  TimeCreated  : 5/8/2026 11:27 AM
  Message      : Faulting application name: explorer.exe.
  RecordId     : 1033
  
  LogName      : Application
  Id           : 11707
  Level        : Information
  ProviderName : MsiInstaller
  TimeCreated  : 5/5/2026 11:27 AM
  Message      : Product: Microsoft Visual C++ Redistributable — Installation completed successfully.
  RecordId     : 1032
  

PS [85/104]> Get-WinEvent -ListLog * -ErrorAction SilentlyContinue | Select-Object -First 5
  
  LogName          RecordCount  MaximumSizeInBytes
  ---------------  -----------  ------------------
  System                    10            20971520
  Application                6            20971520
  Security                   5           134217728
  Setup                      0             1052672
  ForwardedEvents            0            20971520
  


--- [86] § scheduled tasks ---
PS [86/104]> Get-ScheduledTask -ErrorAction SilentlyContinue
  
  TaskPath                 TaskName                         State
  -----------------------  -------------------------------  -----
  \                        GoogleUpdateTaskUser             Ready
  \                        OneDrive Standalone Update Task  Ready
  \Microsoft\Windows\.NET  .NET Framework NGEN v4.0.30319   Ready
  \                        SimTestTask                      Ready
  

PS [87/104]> Get-ScheduledTask | Format-Table TaskName, State -AutoSize
  
  TaskName                         State
  -------------------------------  -----
  GoogleUpdateTaskUser             Ready
  OneDrive Standalone Update Task  Ready
  .NET Framework NGEN v4.0.30319   Ready
  SimTestTask                      Ready
  

PS [88/104]> Get-ScheduledTask | Where-Object { $_.State -eq "Ready" }
  
  TaskPath                 TaskName                         State
  -----------------------  -------------------------------  -----
  \                        GoogleUpdateTaskUser             Ready
  \                        OneDrive Standalone Update Task  Ready
  \Microsoft\Windows\.NET  .NET Framework NGEN v4.0.30319   Ready
  \                        SimTestTask                      Ready
  

PS [89/104]> (Get-ScheduledTask | Measure-Object).Count
  6

PS [90/104]> Register-ScheduledTask -TaskName "DebugTask1" -Action (New-ScheduledTaskAction -Execute "calc.exe") -Trigger (New-ScheduledTaskTrigger -Daily -At "09:00") -Force
  \DebugTask1

PS [91/104]> Register-ScheduledTask -TaskName "DebugTask2" -Action (New-ScheduledTaskAction -Execute "notepad.exe") -Trigger (New-ScheduledTaskTrigger -Daily -At "10:30") -Force
  \DebugTask2

PS [92/104]> Get-ScheduledTask | Where-Object { $_.TaskName -like "DebugTask*" }
  
  TaskPath  TaskName    State
  --------  ----------  -----
  \         DebugTask1  Ready
  \         DebugTask2  Ready
  

PS [93/104]> Unregister-ScheduledTask -TaskName DebugTask1 -Confirm:$false
<empty>

PS [94/104]> Unregister-ScheduledTask -TaskName DebugTask2 -Confirm:$false
<empty>

PS [95/104]> Get-ScheduledTask | Where-Object { $_.TaskName -like "DebugTask*" }
<empty>


--- [96] § summary ---
PS [96/104]> Get-Service | Group-Object Status | Sort-Object Name
  
  Name     Count  Group                                                                                                                                                                                                                                                                                                                          
  -------  -----  -------------------------------------------------------------------------------------------------------------------------------------------------------------------------------------------------------------------------------------------------------------------------------------------------------------------------------
  Running     20  [object Object],[object Object],[object Object],[object Object],[object Object],[object Object],[object Object],[object Object],[object Object],[object Object],[object Object],[object Object],[object Object],[object Object],[object Object],[object Object],[object Object],[object Object],[object Object],[object Object]
  Stopped      2  [object Object],[object Object]                                                                                                                                                                                                                                                                                                
  

PS [97/104]> Get-Process | Measure-Object -Property Handles -Sum -Average
  Count=26; Sum=10848; Average=417.2307692307692; Minimum=; Maximum=; Property=Handles

PS [98/104]> Get-Service -Name Spooler | Format-List *
  
  * : 
  
  * : 
  
  * : 
  
  * : 
  
  * : 
  
  * : 
  
  * : 
  
  * : 
  
  * : 
  
  * : 
  
  * : 
  
  * : 
  
  * : 
  
  * : 
  
  * : 
  
  * : 
  
  * : 
  
  * : 
  
  * : 
  
  * : 
  
  * : 
  
  * : 
  

PS [99/104]> Stop-Service -Name bthserv -ErrorAction SilentlyContinue
  The service has not been started.


--- [100] § extra probes ---
PS [100/104]> Get-Service | Where-Object { $_.DisplayName -match "Print" }
  
  Status   Name     DisplayName  
  -------  -------  -------------
  Running  Spooler  Print Spooler
  

PS [101/104]> Get-Service | Sort-Object DisplayName | Select-Object -First 5 DisplayName, Name, Status
  
  Status   Name      DisplayName                          
  -------  --------  -------------------------------------
  Running  Afd       Ancillary Function Driver for Winsock
  Stopped  bthserv   Bluetooth Support Service            
  Running  CryptSvc  Cryptographic Services               
  Running  Dhcp      DHCP Client                          
  Running  Dnscache  DNS Client                           
  

PS [102/104]> Get-Process | Where-Object { $_.Name -like "s*" } | Select-Object Name, Id -First 5
  
  Name  Id 
  ----  ---
          0
          4
        340
        620
        784
  

PS [103/104]> Get-Process | Sort-Object Id | Select-Object -First 5
  
  Handles  NPM(K)  PM(K)  WS(K)  CPU(s)  Id   ProcessName        
  -------  ------  -----  -----  ------  ---  -------------------
        0       4      0     16       0    0  System Idle Process
      100       4      0    288     0.5    4  System             
       48       4      4   8192       0  108  Registry           
       56       4      1   2048       0  340  smss               
      590       4      4   9216     2.1  472  csrss              
  

PS [104/104]> Get-Process | Where-Object { $_.Handles -gt 100 } | Select-Object Name, Id, Handles -First 5
  
  Name  Id   Handles
  ----  ---  -------
        472      590
        548      152
        560      468
        596      256
        620      680
  
